<?xml version="1.0" encoding="UTF-8"?>
<!-- Generated by org.testng.reporters.JUnitReportReporter -->
<testsuite hostname="Sanju" failures="0" tests="1" name="Module1_Login_Test.demo" time="0.008" errors="0" timestamp="2023-04-26T08:58:34 IST" skipped="0">
  <testcase classname="Module1_Login_Test.demo" name="name" time="0.008"/>
  <system-out/>
</testsuite> <!-- Module1_Login_Test.demo -->
