<?xml version="1.0" encoding="UTF-8"?>
<!-- Generated by org.testng.reporters.JUnitReportReporter -->
<testsuite hostname="Sanju" failures="0" tests="2" name="Module1_Login_Test.SwagLabLoginTest" time="14.239" errors="0" timestamp="2023-04-26T08:59:07 IST" skipped="0">
  <testcase classname="Module1_Login_Test.SwagLabLoginTest" name="verifyHeader" time="7.545"/>
  <system-out/>
  <testcase classname="Module1_Login_Test.SwagLabLoginTest" name="selectOptionFromFilter" time="6.694"/>
  <system-out/>
</testsuite> <!-- Module1_Login_Test.SwagLabLoginTest -->
